<?xml version="1.0" encoding="UTF-8"?>
<!-- Generated by org.testng.reporters.JUnitReportReporter -->
<testsuite hostname="backend-259-ub-lp" failures="0" tests="2" name="testcase.Logout" time="16.639" errors="0" timestamp="2025-05-16T14:33:15 IST" skipped="0">
  <testcase classname="testcase.Logout" name="logout" time="13.510"/>
  <testcase classname="testcase.Logout" name="TermSession" time="3.129"/>
</testsuite> <!-- testcase.Logout -->
