<?xml version="1.0" encoding="UTF-8"?>
<!-- Generated by org.testng.reporters.JUnitReportReporter -->
<testsuite hostname="backend-259-ub-lp" failures="0" tests="1" name="testcase.CreateRetailReseller" time="22.912" errors="0" timestamp="2025-05-23T11:33:37 IST" skipped="0">
  <testcase classname="testcase.CreateRetailReseller" name="Retailer" time="22.912"/>
</testsuite> <!-- testcase.CreateRetailReseller -->
