<?xml version="1.0" encoding="UTF-8"?>
<!-- Generated by org.testng.reporters.JUnitReportReporter -->
<testsuite hostname="backend-259-ub-lp" failures="0" tests="1" name="testcase.EndUserTest" time="57.774" errors="0" timestamp="2025-05-01T12:53:20 IST" skipped="0">
  <testcase classname="testcase.EndUserTest" name="endUserTest" time="57.774"/>
</testsuite> <!-- testcase.EndUserTest -->
