<?xml version="1.0" encoding="UTF-8"?>
<!-- Generated by org.testng.reporters.JUnitReportReporter -->
<testsuite hostname="backend-259-ub-lp" failures="0" tests="1" name="testcase.LoginWithResellerUser" time="28.318" errors="0" timestamp="2025-05-22T17:02:19 IST" skipped="0">
  <testcase classname="testcase.LoginWithResellerUser" name="LoginWithDynamic" time="28.318"/>
</testsuite> <!-- testcase.LoginWithResellerUser -->
