<?xml version="1.0" encoding="UTF-8"?>
<!-- Generated by org.testng.reporters.JUnitReportReporter -->
<testsuite hostname="backend-259-ub-lp" failures="0" tests="1" name="testcase.CreateReseller" time="27.770" errors="0" timestamp="2025-05-22T14:42:17 IST" skipped="0">
  <testcase classname="testcase.CreateReseller" name="createReseller" time="27.770"/>
</testsuite> <!-- testcase.CreateReseller -->
