<?xml version="1.0" encoding="UTF-8"?>
<!-- Generated by org.testng.reporters.JUnitReportReporter -->
<testsuite hostname="backend-259-ub-lp" failures="0" tests="1" name="testcase.RetailerUserTest" time="44.863" errors="0" timestamp="2025-05-22T15:45:19 IST" skipped="0">
  <testcase classname="testcase.RetailerUserTest" name="RetailerUserCreate" time="44.863"/>
</testsuite> <!-- testcase.RetailerUserTest -->
