<?xml version="1.0" encoding="UTF-8"?>
<!-- Generated by org.testng.reporters.JUnitReportReporter -->
<testsuite hostname="backend-259-ub-lp" failures="0" tests="1" name="testcase.ResellerUser" time="42.451" errors="0" timestamp="2025-05-22T15:45:19 IST" skipped="0">
  <testcase classname="testcase.ResellerUser" name="Reseleruser" time="42.451"/>
</testsuite> <!-- testcase.ResellerUser -->
