<?xml version="1.0" encoding="UTF-8"?>
<!-- Generated by org.testng.reporters.JUnitReportReporter -->
<testsuite hostname="backend-259-ub-lp" failures="0" tests="1" name="testcase.LoginWithResellerUser" time="29.066" errors="0" timestamp="2025-05-13T19:35:47 IST" skipped="0">
  <testcase classname="testcase.LoginWithResellerUser" name="LoginWithDynamic" time="29.066"/>
</testsuite> <!-- testcase.LoginWithResellerUser -->
