<?xml version="1.0" encoding="UTF-8"?>
<!-- Generated by org.testng.reporters.JUnitReportReporter -->
<testsuite hostname="backend-259-ub-lp" failures="0" tests="1" name="testcase.CreateRetailer" time="66.822" errors="0" timestamp="2025-05-13T19:35:47 IST" skipped="0">
  <testcase classname="testcase.CreateRetailer" name="createRetailer" time="66.822"/>
</testsuite> <!-- testcase.CreateRetailer -->
