<?xml version="1.0" encoding="UTF-8"?>
<!-- Generated by org.testng.reporters.JUnitReportReporter -->
<testsuite hostname="backend-259-ub-lp" failures="0" tests="1" name="testcase.ResellerUser" time="28.021" errors="0" timestamp="2025-05-23T11:33:37 IST" skipped="0">
  <testcase classname="testcase.ResellerUser" name="Reseleruser" time="28.021"/>
</testsuite> <!-- testcase.ResellerUser -->
