<?xml version="1.0" encoding="UTF-8"?>
<!-- Generated by org.testng.reporters.JUnitReportReporter -->
<testsuite hostname="backend-259-ub-lp" failures="0" tests="1" name="testcase.LoginWithRetailerUser" time="20.518" errors="0" timestamp="2025-05-22T17:06:17 IST" skipped="0">
  <testcase classname="testcase.LoginWithRetailerUser" name="LoginWithRetaileruser" time="20.518"/>
</testsuite> <!-- testcase.LoginWithRetailerUser -->
