<?xml version="1.0" encoding="UTF-8"?>
<!-- Generated by org.testng.reporters.JUnitReportReporter -->
<testsuite hostname="backend-259-ub-lp" failures="0" tests="2" name="testcase.LoginTest" time="49.541" errors="0" timestamp="2025-05-23T11:33:37 IST" skipped="0">
  <testcase classname="testcase.LoginTest" name="LoginWithSuperAdmin" time="23.111"/>
  <testcase classname="testcase.LoginTest" name="LoginWithSuperAdmin" time="26.430"/>
</testsuite> <!-- testcase.LoginTest -->
