<?xml version="1.0" encoding="UTF-8"?>
<!-- Generated by org.testng.reporters.JUnitReportReporter -->
<testsuite hostname="backend-259-ub-lp" failures="0" tests="8" name="testcase.Logout" time="56.442" errors="0" timestamp="2025-05-23T11:33:37 IST" skipped="0">
  <testcase classname="testcase.Logout" name="logout" time="11.069"/>
  <testcase classname="testcase.Logout" name="logout" time="10.905"/>
  <testcase classname="testcase.Logout" name="logout" time="11.024"/>
  <testcase classname="testcase.Logout" name="logout" time="11.009"/>
  <testcase classname="testcase.Logout" name="TermSession" time="3.112"/>
  <testcase classname="testcase.Logout" name="TermSession" time="3.095"/>
  <testcase classname="testcase.Logout" name="TermSession" time="3.117"/>
  <testcase classname="testcase.Logout" name="TermSession" time="3.111"/>
</testsuite> <!-- testcase.Logout -->
