<?xml version="1.0" encoding="UTF-8"?>
<!-- Generated by org.testng.reporters.JUnitReportReporter -->
<testsuite hostname="backend-259-ub-lp" failures="0" tests="1" name="testcase.LoginTest" time="36.516" errors="0" timestamp="2025-05-22T17:56:06 IST" skipped="0">
  <testcase classname="testcase.LoginTest" name="LoginWithSuperAdmin" time="36.516"/>
</testsuite> <!-- testcase.LoginTest -->
