<?xml version="1.0" encoding="UTF-8"?>
<!-- Generated by org.testng.reporters.JUnitReportReporter -->
<testsuite hostname="backend-259-ub-lp" failures="0" tests="1" name="testcase.LoginWithResellerUser" time="24.447" errors="0" timestamp="2025-05-23T11:33:37 IST" skipped="0">
  <testcase classname="testcase.LoginWithResellerUser" name="LoginWithDynamic" time="24.447"/>
</testsuite> <!-- testcase.LoginWithResellerUser -->
