<?xml version="1.0" encoding="UTF-8"?>
<!-- Generated by org.testng.reporters.JUnitReportReporter -->
<testsuite hostname="backend-259-ub-lp" failures="0" tests="1" name="testcase.CreateCustomer" time="79.896" errors="0" timestamp="2025-05-13T19:35:47 IST" skipped="0">
  <testcase classname="testcase.CreateCustomer" name="endUserTest" time="79.896"/>
</testsuite> <!-- testcase.CreateCustomer -->
