<?xml version="1.0" encoding="UTF-8"?>
<!-- Generated by org.testng.reporters.JUnitReportReporter -->
<testsuite hostname="backend-259-ub-lp" failures="0" tests="1" name="testcase.CreateReseller" time="13.899" errors="0" timestamp="2025-05-23T10:38:26 IST" skipped="0">
  <testcase classname="testcase.CreateReseller" name="createReseller" time="13.899"/>
</testsuite> <!-- testcase.CreateReseller -->
