<?xml version="1.0" encoding="UTF-8"?>
<!-- Generated by org.testng.reporters.JUnitReportReporter -->
<testsuite hostname="backend-259-ub-lp" failures="0" tests="2" name="testcase.Logout" time="29.255" errors="0" timestamp="2025-05-22T17:56:05 IST" skipped="0">
  <testcase classname="testcase.Logout" name="logout" time="26.145"/>
  <testcase classname="testcase.Logout" name="TermSession" time="3.110"/>
</testsuite> <!-- testcase.Logout -->
