<?xml version="1.0" encoding="UTF-8"?>
<!-- Generated by org.testng.reporters.JUnitReportReporter -->
<testsuite hostname="backend-259-ub-lp" failures="0" tests="1" name="testcase.DeviceRegistrationTest" time="41.459" errors="0" timestamp="2025-05-22T14:56:01 IST" skipped="0">
  <testcase classname="testcase.DeviceRegistrationTest" name="deviceRegistration" time="41.459"/>
</testsuite> <!-- testcase.DeviceRegistrationTest -->
